<?xml version="1.0" encoding="UTF-8"?>
<coverage generated="1652120209694" clover="3.2.0">
  <project timestamp="1652120209694" name="All files">
    <metrics statements="13" coveredstatements="13" conditionals="7" coveredconditionals="7" methods="3" coveredmethods="3" elements="23" coveredelements="23" complexity="0" loc="13" ncloc="13" packages="1" files="1" classes="1">
      <file name="contactos.js" path="D:\Universidad\Politecnico Colombiano Jaime Izasa Cadavid\Pruebas y gestión de la configuración\demo-unit-starwars\src\contactos\contactos.js">
        <metrics statements="13" coveredstatements="13" conditionals="7" coveredconditionals="7" methods="3" coveredmethods="3"/>
        <line num="3" count="1" type="stmt"/>
        <line num="7" count="8" type="cond" truecount="2" falsecount="0"/>
        <line num="12" count="7" type="stmt"/>
        <line num="14" count="1" type="stmt"/>
        <line num="18" count="2" type="stmt"/>
        <line num="19" count="6" type="stmt"/>
        <line num="20" count="4" type="stmt"/>
        <line num="22" count="2" type="cond" truecount="2" falsecount="0"/>
        <line num="23" count="1" type="stmt"/>
        <line num="30" count="4" type="stmt"/>
        <line num="33" count="3" type="stmt"/>
        <line num="40" count="2" type="stmt"/>
        <line num="42" count="1" type="stmt"/>
      </file>
    </metrics>
  </project>
</coverage>
