{"D:\\Universidad\\Politecnico Colombiano Jaime Izasa Cadavid\\Pruebas y gestión de la configuración\\demo-unit-starwars\\src\\contactos\\contactos.js": {"path":"D:\\Universidad\\Politecnico Colombiano Jaime Izasa Cadavid\\Pruebas y gestión de la configuración\\demo-unit-starwars\\src\\contactos\\contactos.js","statementMap":{"0":{"start":{"line":3,"column":16},"end":{"line":3,"column":18}},"1":{"start":{"line":7,"column":2},"end":{"line":15,"column":3}},"2":{"start":{"line":12,"column":3},"end":{"line":12,"column":28}},"3":{"start":{"line":14,"column":3},"end":{"line":14,"column":28}},"4":{"start":{"line":18,"column":16},"end":{"line":20,"column":38}},"5":{"start":{"line":19,"column":18},"end":{"line":19,"column":20}},"6":{"start":{"line":20,"column":20},"end":{"line":20,"column":37}},"7":{"start":{"line":22,"column":2},"end":{"line":27,"column":3}},"8":{"start":{"line":23,"column":3},"end":{"line":26,"column":5}},"9":{"start":{"line":30,"column":2},"end":{"line":30,"column":17}},"10":{"start":{"line":33,"column":2},"end":{"line":35,"column":4}},"11":{"start":{"line":40,"column":2},"end":{"line":43,"column":5}},"12":{"start":{"line":42,"column":4},"end":{"line":42,"column":22}}},"fnMap":{"0":{"name":"(anonymous_0)","decl":{"start":{"line":19,"column":8},"end":{"line":19,"column":9}},"loc":{"start":{"line":19,"column":18},"end":{"line":19,"column":20}},"line":19},"1":{"name":"(anonymous_1)","decl":{"start":{"line":20,"column":14},"end":{"line":20,"column":15}},"loc":{"start":{"line":20,"column":20},"end":{"line":20,"column":37}},"line":20},"2":{"name":"(anonymous_2)","decl":{"start":{"line":41,"column":9},"end":{"line":41,"column":10}},"loc":{"start":{"line":41,"column":23},"end":{"line":43,"column":4}},"line":41}},"branchMap":{"0":{"loc":{"start":{"line":7,"column":2},"end":{"line":15,"column":3}},"type":"if","locations":[{"start":{"line":7,"column":2},"end":{"line":15,"column":3}},{"start":{"line":7,"column":2},"end":{"line":15,"column":3}}],"line":7},"1":{"loc":{"start":{"line":8,"column":3},"end":{"line":10,"column":32}},"type":"binary-expr","locations":[{"start":{"line":8,"column":3},"end":{"line":8,"column":36}},{"start":{"line":9,"column":3},"end":{"line":9,"column":35}},{"start":{"line":10,"column":3},"end":{"line":10,"column":32}}],"line":8},"2":{"loc":{"start":{"line":22,"column":2},"end":{"line":27,"column":3}},"type":"if","locations":[{"start":{"line":22,"column":2},"end":{"line":27,"column":3}},{"start":{"line":22,"column":2},"end":{"line":27,"column":3}}],"line":22}},"s":{"0":1,"1":8,"2":7,"3":1,"4":2,"5":6,"6":4,"7":2,"8":1,"9":4,"10":3,"11":2,"12":1},"f":{"0":6,"1":4,"2":1},"b":{"0":[7,1],"1":[8,8,8],"2":[1,1]},"_coverageSchema":"332fd63041d2c1bcb487cc26dd0d5f7d97098a6c","hash":"0b13796c15a510ca2d9da5493668fe6f02530b2b"}
}
