TN:
SF:D:\Universidad\Politecnico Colombiano Jaime Izasa Cadavid\Pruebas y gestión de la configuración\demo-unit-starwars\src\contactos\contactos.js
FN:19,(anonymous_0)
FN:20,(anonymous_1)
FN:41,(anonymous_2)
FNF:3
FNH:3
FNDA:6,(anonymous_0)
FNDA:4,(anonymous_1)
FNDA:1,(anonymous_2)
DA:3,1
DA:7,8
DA:12,7
DA:14,1
DA:18,2
DA:19,6
DA:20,4
DA:22,2
DA:23,1
DA:30,4
DA:33,3
DA:40,2
DA:42,1
LF:13
LH:13
BRDA:7,0,0,7
BRDA:7,0,1,1
BRDA:8,1,0,8
BRDA:8,1,1,8
BRDA:8,1,2,8
BRDA:22,2,0,1
BRDA:22,2,1,1
BRF:7
BRH:7
end_of_record
